modules/weather-device-info/android/build/intermediates/manifest_merge_blame_file/debug/processDebugManifest/manifest-merger-blame-debug-report.txt
1<?xml version="1.0" encoding="utf-8"?>
2<manifest xmlns:android="http://schemas.android.com/apk/res/android"
3    package="com.weatherdeviceinfo" >
4
5    <uses-sdk android:minSdkVersion="24" />
6    <!-- Permisos necesarios para el módulo -->
7    <uses-permission android:name="android.permission.VIBRATE" />
7-->src/main/AndroidManifest.xml:3:3-64
7-->src/main/AndroidManifest.xml:3:20-61
8
9</manifest>